ImageIndex,ElapsedTime
0,9.108
1,7.449
2,7.433
3,7.429
4,7.329
5,7.442
6,7.402
7,7.342
8,7.372
9,6.901
10,6.595
11,6.549
12,6.532
13,6.843
14,7.084
15,6.957
16,6.812
17,6.861
18,6.873
19,7.073
20,6.997
21,6.901
22,6.787
23,6.682
24,6.653
25,6.672
26,6.614
27,6.641
28,6.533
29,6.75
30,6.852
31,6.555
32,6.671
33,6.677
34,6.769
35,6.792
36,6.727
37,6.733
38,6.448
39,6.452
40,6.507
41,6.517
42,6.697
43,6.713
44,6.71
45,6.625
46,6.659
47,6.896
48,6.887
49,6.808
50,7.066
51,6.783
52,6.577
53,6.656
54,6.758
55,6.668
56,6.698
57,6.649
58,6.687
59,6.769
60,6.922
61,6.968
62,6.668
63,6.591
64,6.482
65,6.643
66,6.496
67,6.394
68,6.375
69,6.338
70,6.295
71,6.448
72,6.395
73,6.452
74,6.462
75,6.47
76,6.419
77,6.659
78,6.764
79,6.663
80,6.651
81,6.607
82,6.368
83,6.377
84,6.627
85,6.383
86,6.397
87,6.539
88,6.436
89,6.373
90,6.357
91,6.466
92,6.396
93,6.396
94,6.46
95,6.426
96,6.374
97,6.438
98,6.562
99,6.44
100,6.362
101,6.476
102,6.353
103,6.456
104,6.38
105,6.426
106,6.531
107,6.35
108,6.465
109,6.497
110,6.395
111,6.753
112,6.596
113,6.614
114,6.48
115,6.603
116,6.514
117,6.366
118,6.667
119,6.498
120,6.478
121,6.543
122,6.492
123,6.521
124,6.443
125,6.47
126,6.443
127,6.359
128,6.551
129,6.467
130,6.64
131,6.467
132,6.428
133,6.428
134,6.415
135,6.451
136,6.553
137,6.408
138,6.299
139,6.375
140,6.384
141,6.306
142,6.464
143,6.342
144,6.383
145,6.405
146,6.365
147,6.428
148,6.504
149,6.571
150,6.352
151,6.409
152,6.347
153,6.338
154,6.341
155,6.396
156,6.58
157,6.324
158,6.366
159,6.387
160,6.383
161,6.337
162,6.378
163,6.382
164,6.392
165,6.52
166,6.351
167,6.353
168,6.385
169,6.381
170,6.427
171,6.389
172,6.343
173,6.331
174,6.293
175,6.297
176,6.359
177,6.36
178,6.31
179,6.401
180,6.378
181,6.435
182,6.373
183,6.317
184,6.45
185,6.403
186,6.515
187,6.318
188,6.455
189,6.308
190,6.378
191,6.309
192,6.334
193,6.307
194,6.539
195,6.43
196,6.307
197,6.375
198,6.441
199,6.377
200,6.296
201,6.443
202,6.356
203,6.312
204,6.406
205,6.364
206,6.358
207,6.385
208,6.396
209,6.397
210,6.361
211,6.408
212,6.375
213,6.275
214,6.429
215,6.368
216,6.387
217,6.339
218,6.346
219,6.376
220,6.391
221,6.357
222,6.549
223,6.376
224,6.413
225,6.333
226,6.351
227,6.482
228,6.402
229,6.312
230,6.316
231,6.499
232,6.331
233,6.388
234,6.588
235,6.362
236,6.334
237,6.352
238,6.425
239,6.361
240,6.387
241,6.462
242,6.332
243,6.376
244,6.348
245,6.317
246,6.346
247,6.424
248,6.57
249,6.325
250,6.36
251,6.338
252,6.347
253,6.432
254,6.316
255,6.294
256,6.371
257,6.329
258,6.345
259,6.36
260,6.371
261,6.372
262,6.339
263,6.341
264,6.391
265,6.404
266,6.383
267,6.315
268,6.312
269,6.393
270,6.369
271,6.383
272,6.369
273,6.372
274,6.318
275,6.531
276,6.349
277,6.31
278,6.351
279,6.359
280,6.339
281,6.362
282,6.437
283,6.421
284,6.49
285,6.375
286,6.366
287,6.298
288,6.341
289,6.381
290,6.367
291,6.276
292,6.35
293,6.301
294,6.32
295,6.36
296,6.345
297,6.296
298,6.383
299,6.32
300,6.468
301,6.408
302,6.305
303,6.373
304,6.345
305,6.305
306,6.312
307,6.362
308,6.396
309,6.348
310,6.407
311,6.303
312,6.352
313,6.349
314,6.333
315,6.399
316,6.659
317,6.425
318,6.503
319,6.287
320,6.332
321,6.396
322,6.352
323,6.329
324,6.384
325,6.339
326,6.374
327,6.35
328,6.329
329,6.274
330,6.353
331,6.358
332,6.317
333,6.426
334,6.339
335,6.388
336,6.424
337,6.361
338,6.338
339,6.38
340,6.417
341,6.377
342,6.353
343,6.376
344,6.347
345,6.32
346,6.374
347,6.354
348,6.313
349,6.303
350,6.341
351,6.332
352,6.338
353,6.407
354,6.33
355,6.3
356,6.381
357,6.514
358,6.352
359,6.389
360,6.371
361,6.393
362,6.356
363,6.34
364,6.36
365,6.324
366,6.358
367,6.325
368,9.901
369,14.038
370,8.734
371,6.402
372,6.332
373,6.312
374,6.392
375,6.338
376,6.387
377,6.346
378,6.318
379,6.311
380,6.266
381,6.382
382,6.302
383,6.352
384,6.289
385,6.351
386,6.485
387,6.33
388,6.305
389,6.332
390,6.341
391,6.323
392,6.261
393,6.272
394,6.31
395,6.322
396,6.287
397,6.288
398,6.372
399,6.553
400,6.311
401,6.351
402,6.352
403,6.405
404,6.417
405,6.333
406,6.348
407,6.339
408,6.282
409,6.289
410,6.388
411,6.442
412,6.31
413,6.28
414,6.385
415,6.286
416,6.393
417,6.332
418,6.302
419,6.333
420,6.427
421,6.341
422,6.309
423,6.291
424,6.3
425,6.359
426,6.433
427,6.272
428,6.346
429,6.435
430,6.327
431,6.293
432,6.371
433,6.357
434,6.323
435,6.331
436,6.355
437,6.401
438,6.438
439,6.287
440,6.476
441,6.611
442,6.477
443,6.299
444,6.418
445,6.276
446,6.326
447,6.313
448,6.282
449,6.272
450,6.417
451,6.408
452,6.331
453,6.318
454,6.304
455,6.45
456,6.377
457,6.301
458,6.41
459,6.414
460,6.34
461,6.4
462,6.35
463,6.426
464,6.385
465,6.378
466,6.354
467,6.369
468,6.368
469,6.34
470,6.38
471,6.371
472,6.388
473,6.317
474,6.421
475,6.299
476,6.29
477,6.357
478,6.398
479,6.499
480,6.393
481,6.459
482,6.338
483,6.586
484,6.311
485,6.345
486,6.445
487,6.343
488,6.353
489,6.351
490,6.453
491,6.36
492,6.373
493,6.352
494,6.346
495,6.374
496,6.338
497,6.461
498,6.328
499,6.35
500,6.413
501,6.346
502,6.468
503,6.345
504,6.357
505,6.509
506,6.494
507,6.432
508,6.321
509,6.365
510,6.342
511,6.475
512,6.381
513,6.313
514,6.352
515,6.369
516,6.377
517,6.296
518,6.356
519,6.408
520,6.459
521,6.415
522,6.393
523,6.434
524,6.48
525,6.546
526,6.328
527,6.417
528,6.314
529,6.347
530,6.374
531,6.391
532,6.409
533,6.4
534,6.355
535,6.428
536,6.427
537,6.393
538,6.328
539,6.397
540,6.373
541,6.417
542,6.34
543,6.361
544,6.385
545,6.34
546,6.372
547,6.276
548,6.36
549,6.383
550,6.337
551,6.379
552,6.393
553,6.325
554,6.296
555,6.376
556,6.332
557,6.451
558,6.393
559,6.328
560,6.369
561,6.309
562,6.313
563,6.388
564,6.351
565,6.286
566,6.962
567,6.387
568,6.84
569,6.321
570,6.346
571,6.36
572,6.354
573,6.464
574,6.305
575,6.384
576,6.441
577,6.345
578,6.323
579,6.348
580,6.256
581,6.317
582,6.344
583,6.44
584,6.422
585,6.372
586,6.455
587,6.334
588,6.299
589,6.279
590,6.332
591,6.414
592,6.336
593,6.329
594,6.418
595,6.37
596,6.347
597,6.282
598,6.324
599,6.403
600,6.434
601,6.379
602,6.387
603,6.424
604,6.461
605,6.334
606,6.309
607,6.361
608,6.362
609,6.494
610,6.326
611,6.393
612,6.404
613,6.364
614,6.282
615,6.372
616,6.382
617,6.323
618,6.312
619,6.377
620,6.424
621,6.283
622,6.329
623,6.371
624,6.393
625,6.388
626,6.319
627,6.329
628,6.368
629,6.353
630,6.348
631,6.411
632,6.319
633,6.41
634,6.287
635,6.314
636,6.41
637,6.394
638,6.312
639,6.323
640,6.372
641,6.408
642,6.354
643,6.446
644,6.41
645,6.373
646,6.363
647,6.425
648,6.368
649,6.344
650,6.416
651,6.382
652,6.359
653,6.356
654,6.356
655,6.42
656,6.366
657,6.322
658,6.438
659,6.449
660,6.37
661,6.343
662,6.487
663,6.389
664,6.517
665,6.346
666,6.321
667,6.444
668,6.365
669,6.319
670,6.44
671,6.434
672,6.275
673,6.288
674,6.345
675,6.427
676,6.412
677,6.345
678,6.372
679,6.397
680,6.378
681,6.387
682,6.473
683,6.369
684,6.423
685,6.326
686,6.467
687,6.446
688,6.418
689,6.382
690,6.361
691,6.331
692,6.473
693,6.356
694,6.314
695,6.396
696,6.47
697,6.396
698,6.47
699,6.563
700,6.34
701,6.574
702,6.311
703,6.335
704,6.386
705,6.412
706,6.358
707,6.335
708,6.418
709,6.432
710,6.345
711,6.434
712,6.428
713,6.417
714,6.392
715,6.42
716,6.402
717,6.272
718,6.347
719,6.374
720,6.514
721,6.396
722,6.362
723,6.329
724,6.342
725,6.435
726,6.356
727,6.364
728,6.345
729,6.387
730,6.428
731,6.334
732,6.346
733,6.341
734,6.389
735,6.324
736,6.409
737,6.398
738,6.52
739,6.333
740,6.33
741,6.361
742,6.342
743,6.367
744,6.301
745,6.305
746,6.448
747,6.364
748,6.417
749,6.55
750,6.385
751,6.36
752,6.514
753,6.45
754,6.383
755,6.343
756,6.373
757,6.431
758,6.331
759,6.519
760,6.433
761,6.398
762,6.38
763,6.561
764,6.381
765,6.52
766,6.372
767,6.279
768,6.458
769,6.42
770,6.343
771,6.437
772,6.449
773,6.509
774,6.386
775,6.375
776,6.385
777,6.356
778,6.301
779,6.371
780,6.435
781,6.33
782,6.363
783,6.438
784,6.421
785,6.377
786,6.375
787,6.463
788,6.4
789,6.347
790,6.487
791,6.485
792,6.353
793,6.333
794,6.362
795,6.429
796,6.393
797,6.397
798,6.574
799,6.421
800,6.437
801,6.42
802,6.31
803,6.475
804,6.378
805,6.348
806,6.417
807,6.354
808,6.43
809,6.353
810,6.385
811,6.391
812,6.507
813,6.409
814,6.38
815,6.378
816,6.457
817,6.334
818,6.331
819,6.466
820,6.485
821,6.343
822,6.389
823,6.423
824,6.331
825,6.322
826,6.36
827,6.401
828,6.34
829,6.429
830,6.555
831,6.413
832,6.409
833,6.572
834,6.449
835,6.383
836,6.592
837,6.404
838,6.428
839,6.348
840,6.369
841,6.447
842,6.492
843,6.382
844,6.353
845,6.486
846,6.381
847,6.369
848,6.372
849,6.45
850,6.33
851,6.366
852,6.427
853,6.468
854,6.408
855,6.397
856,6.388
857,6.429
858,6.367
859,6.36
860,6.37
861,6.456
862,6.413
863,6.374
864,6.368
865,6.416
866,6.391
867,6.44
868,6.423
869,6.624
870,6.359
871,6.273
872,6.355
873,6.349
874,6.278
875,6.469
876,6.337
877,6.409
878,6.323
879,6.432
880,6.377
881,6.437
882,6.402
883,6.344
884,6.364
885,6.369
886,6.462
887,6.383
888,6.351
889,6.474
890,6.378
891,6.372
892,6.33
893,6.461
894,6.323
895,6.421
896,6.386
897,6.453
898,6.378
899,6.411
900,6.385
901,6.513
902,6.345
903,6.508
904,6.685
905,6.383
906,6.428
907,6.385
908,6.422
909,6.403
910,6.411
911,6.497
912,6.385
913,6.423
914,6.612
915,6.48
916,6.348
917,6.336
918,6.456
919,6.524
920,6.34
921,6.419
922,6.398
923,6.36
924,6.366
925,6.426
926,6.367
927,6.42
928,6.389
929,6.356
930,6.406
931,6.424
932,6.358
933,6.386
934,6.457
935,6.356
936,6.35
937,6.388
938,6.453
939,6.352
940,6.38
941,6.358
942,6.359
943,6.395
944,6.43
945,6.314
946,6.462
947,6.396
948,6.337
949,6.33
950,6.355
951,6.419
952,6.318
953,6.639
954,6.554
955,6.448
956,6.463
957,6.403
958,6.391
959,6.402
960,6.366
961,6.342
962,6.434
963,6.313
964,6.385
965,6.449
966,6.354
967,6.315
968,6.368
969,6.457
970,6.339
971,6.408
972,6.436
973,6.389
974,6.345
975,6.371
976,6.371
977,6.368
978,6.38
979,6.438
980,6.32
981,6.417
982,6.388
983,6.446
984,6.386
985,6.404
986,6.428
987,6.306
988,6.367
989,6.418
990,6.396
991,6.352
992,6.437
993,6.442
994,6.333
995,6.379
996,6.411